TN:
SF:src\app.module.ts
FNF:0
FNH:0
DA:1,2
DA:2,2
DA:3,2
DA:20,2
LF:4
LH:4
BRDA:9,0,0,2
BRDA:9,0,1,2
BRDA:11,1,0,2
BRDA:11,1,1,2
BRDA:12,2,0,2
BRDA:12,2,1,2
BRDA:13,3,0,2
BRDA:13,3,1,2
BRF:8
BRH:8
end_of_record
TN:
SF:src\tasks\tasks.controller.ts
FN:18,(anonymous_4)
FN:21,(anonymous_5)
FN:26,(anonymous_6)
FN:31,(anonymous_7)
FN:36,(anonymous_8)
FN:44,(anonymous_9)
FNF:6
FNH:0
FNDA:0,(anonymous_4)
FNDA:0,(anonymous_5)
FNDA:0,(anonymous_6)
FNDA:0,(anonymous_7)
FNDA:0,(anonymous_8)
FNDA:0,(anonymous_9)
DA:1,2
DA:11,2
DA:12,2
DA:13,2
DA:17,2
DA:18,0
DA:21,2
DA:22,0
DA:26,2
DA:27,0
DA:31,2
DA:32,0
DA:36,2
DA:40,0
DA:44,2
DA:45,0
LF:16
LH:10
BRF:0
BRH:0
end_of_record
TN:
SF:src\tasks\tasks.module.ts
FNF:0
FNH:0
DA:1,2
DA:2,2
DA:3,2
DA:4,2
DA:5,2
DA:12,2
LF:6
LH:6
BRF:0
BRH:0
end_of_record
TN:
SF:src\tasks\tasks.service.ts
FN:11,(anonymous_4)
FN:16,(anonymous_5)
FN:20,(anonymous_6)
FN:28,(anonymous_7)
FN:33,(anonymous_8)
FN:39,(anonymous_9)
FNF:6
FNH:0
FNDA:0,(anonymous_4)
FNDA:0,(anonymous_5)
FNDA:0,(anonymous_6)
FNDA:0,(anonymous_7)
FNDA:0,(anonymous_8)
FNDA:0,(anonymous_9)
DA:1,2
DA:2,2
DA:3,2
DA:7,2
DA:10,2
DA:13,0
DA:17,0
DA:21,0
DA:22,0
DA:23,0
DA:25,0
DA:29,0
DA:30,0
DA:34,0
DA:35,0
DA:36,0
DA:40,0
DA:41,0
DA:42,0
LF:19
LH:5
BRDA:22,0,0,0
BRDA:41,1,0,0
BRF:2
BRH:0
end_of_record
TN:
SF:src\tasks\dto\create-task.dto.ts
FNF:0
FNH:0
DA:1,2
DA:3,2
DA:5,2
DA:8,2
DA:12,2
LF:5
LH:5
BRF:0
BRH:0
end_of_record
TN:
SF:src\tasks\dto\update-task.dto.ts
FNF:0
FNH:0
DA:1,2
DA:3,2
DA:5,2
DA:8,2
DA:12,2
LF:5
LH:5
BRF:0
BRH:0
end_of_record
TN:
SF:src\tasks\entities\task.entity.ts
FN:17,(anonymous_2)
FNF:1
FNH:0
FNDA:0,(anonymous_2)
DA:1,2
DA:4,2
DA:6,2
DA:9,2
DA:12,2
DA:15,2
DA:17,0
DA:18,2
LF:8
LH:7
BRF:0
BRH:0
end_of_record
